0 info it worked if it ends with ok
1 verbose cli [ '/usr/bin/nodejs', '/usr/bin/npm', 'run', 'dev' ]
2 info using npm@3.5.2
3 info using node@v4.2.6
4 verbose run-script [ 'predev', 'dev', 'postdev' ]
5 info lifecycle building-beautiful-apps@0.0.0~predev: building-beautiful-apps@0.0.0
6 silly lifecycle building-beautiful-apps@0.0.0~predev: no script for predev, continuing
7 info lifecycle building-beautiful-apps@0.0.0~dev: building-beautiful-apps@0.0.0
8 verbose lifecycle building-beautiful-apps@0.0.0~dev: unsafe-perm in lifecycle true
9 verbose lifecycle building-beautiful-apps@0.0.0~dev: PATH: /usr/share/npm/bin/node-gyp-bin:/mnt/c/Users/Faraz/Documents/College/IT202/it202spr2018/activities/class15/node_modules/.bin:/home/AhmedK/bin:/home/AhmedK/.local/bin:/usr/local/sbin:/usr/local/bin:/usr/sbin:/usr/bin:/sbin:/bin:/usr/games:/usr/local/games:/mnt/c/Program Files (x86)/Intel/Intel(R) Management Engine Components/iCLS:/mnt/c/Program Files/Intel/Intel(R) Management Engine Components/iCLS:/mnt/c/Program Files (x86)/IIS Express/PHP/v5.5:/mnt/c/Program Files (x86)/IIS Express/PHP/v5.6:/mnt/c/Program Files/Microsoft MPI/Bin:/mnt/c/ProgramData/Oracle/Java/javapath_target_1126359:/mnt/c/Windows/System32:/mnt/c/Windows:/mnt/c/Windows/System32/wbem:/mnt/c/Windows/System32/WindowsPowerShell/v1.0:/mnt/c/Program Files/dotnet:/mnt/c/Program Files/Microsoft SQL Server/130/Tools/Binn:/mnt/c/Users/Faraz/AppData/Local/Microsoft/WindowsApps:/mnt/c/Program Files/MySQL/MySQL Server 5.1/bin:/mnt/c/Windows/System32:/mnt/c/Windows:/mnt/c/Windows/System32/wbem:/mnt/c/Windows/System32/WindowsPowerShell/v1.0:/mnt/c/Program Files (x86)/Intel/Intel(R) Management Engine Components/DAL:/mnt/c/Program Files/Intel/Intel(R) Management Engine Components/DAL:/mnt/c/Program Files (x86)/Intel/Intel(R) Management Engine Components/IPT:/mnt/c/Program Files/Intel/Intel(R) Management Engine Components/IPT:/mnt/c/Users/Faraz/AppData/Local/Microsoft/WindowsApps:/mnt/c/Users/Faraz/AppData/Local/Microsoft/WindowsApps:/mnt/c/Users/Faraz/AppData/Local/GitHubDesktop/bin:/snap/bin
10 verbose lifecycle building-beautiful-apps@0.0.0~dev: CWD: /mnt/c/Users/Faraz/Documents/College/IT202/it202spr2018/activities/class15
11 silly lifecycle building-beautiful-apps@0.0.0~dev: Args: [ '-c', 'live-server' ]
12 info lifecycle building-beautiful-apps@0.0.0~dev: Failed to exec dev script
13 verbose stack Error: building-beautiful-apps@0.0.0 dev: `live-server`
13 verbose stack spawn ENOENT
13 verbose stack     at ChildProcess.<anonymous> (/usr/share/npm/lib/utils/spawn.js:17:16)
13 verbose stack     at emitTwo (events.js:87:13)
13 verbose stack     at ChildProcess.emit (events.js:172:7)
13 verbose stack     at maybeClose (internal/child_process.js:821:16)
13 verbose stack     at Process.ChildProcess._handle.onexit (internal/child_process.js:211:5)
14 verbose pkgid building-beautiful-apps@0.0.0
15 verbose cwd /mnt/c/Users/Faraz/Documents/College/IT202/it202spr2018/activities/class15
16 error Linux 4.4.0-43-Microsoft
17 error argv "/usr/bin/nodejs" "/usr/bin/npm" "run" "dev"
18 error node v4.2.6
19 error npm  v3.5.2
20 error file sh
21 error code ELIFECYCLE
22 error errno ENOENT
23 error syscall spawn
24 error building-beautiful-apps@0.0.0 dev: `live-server`
24 error spawn ENOENT
25 error Failed at the building-beautiful-apps@0.0.0 dev script 'live-server'.
25 error Make sure you have the latest version of node.js and npm installed.
25 error If you do, this is most likely a problem with the building-beautiful-apps package,
25 error not with npm itself.
25 error Tell the author that this fails on your system:
25 error     live-server
25 error You can get information on how to open an issue for this project with:
25 error     npm bugs building-beautiful-apps
25 error Or if that isn't available, you can get their info via:
25 error     npm owner ls building-beautiful-apps
25 error There is likely additional logging output above.
26 verbose exit [ 1, true ]
